<?xml version="1.0" encoding="UTF-8"?>
<testng-results ignored="0" total="2" passed="2" failed="0" skipped="0">
  <reporter-output>
  </reporter-output>
  <suite started-at="2021-03-10T22:38:08 GMT-12:00" name="Default suite" finished-at="2021-03-10T22:38:08 GMT-12:00" duration-ms="157">
    <groups>
    </groups>
    <test started-at="2021-03-10T22:38:08 GMT-12:00" name="Default test" finished-at="2021-03-10T22:38:08 GMT-12:00" duration-ms="157">
      <class name="dummyproject.Test1">
        <test-method signature="createcontact()[pri:0, instance:dummyproject.Test1@5136d012]" started-at="2021-03-10T22:38:08 GMT-12:00" name="createcontact" finished-at="2021-03-10T22:38:08 GMT-12:00" duration-ms="20" status="PASS">
          <reporter-output>
          </reporter-output>
        </test-method> <!-- createcontact -->
        <test-method signature="createcontactwithmobile()[pri:0, instance:dummyproject.Test1@5136d012]" started-at="2021-03-10T22:38:08 GMT-12:00" name="createcontactwithmobile" finished-at="2021-03-10T22:38:08 GMT-12:00" duration-ms="8" status="PASS">
          <reporter-output>
          </reporter-output>
        </test-method> <!-- createcontactwithmobile -->
      </class> <!-- dummyproject.Test1 -->
    </test> <!-- Default test -->
  </suite> <!-- Default suite -->
</testng-results>
